<?xml version="1.0" encoding="UTF-8"?>
<!-- Generated by org.testng.reporters.JUnitXMLReporter -->
<testsuite ignored="0" hostname="LAPTOP-3U56A05H" failures="0" tests="5" name="Surefire test" time="67.871" errors="0" timestamp="2025-09-07T18:16:47 IST">
  <testcase classname="com.swaglabs.test.EndToEndTest" name="tc_060_purchaseSingleProduct" time="5.103"/>
  <testcase classname="com.swaglabs.test.EndToEndTest" name="tc_061_purchaseMultipleProducts" time="5.491"/>
  <testcase classname="com.swaglabs.test.EndToEndTest" name="tc_sortAndCheckoutWithPriceValidation" time="6.118"/>
  <testcase classname="com.swaglabs.test.EndToEndTest" name="tc_endToend_054_cartPersistenceAcrossLogoutAndLogin" time="7.306"/>
  <testcase classname="com.swaglabs.test.EndToEndTest" name="tc_endToend_055_resetAppStateClearsCart" time="27.243"/>
</testsuite> <!-- Surefire test -->
