<?xml version="1.0" encoding="UTF-8"?>
<!-- Generated by org.testng.reporters.JUnitXMLReporter -->
<testsuite ignored="0" hostname="LAPTOP-3U56A05H" failures="0" tests="5" name="Test1" time="73.535" errors="0" timestamp="2025-09-07T22:10:08 IST">
  <testcase classname="com.swaglabs.test.EndToEndTest" name="tc_060_purchaseSingleProduct" time="6.173"/>
  <testcase classname="com.swaglabs.test.EndToEndTest" name="tc_061_purchaseMultipleProducts" time="6.549"/>
  <testcase classname="com.swaglabs.test.EndToEndTest" name="tc_sortAndCheckoutWithPriceValidation" time="6.098"/>
  <testcase classname="com.swaglabs.test.EndToEndTest" name="tc_endToend_054_cartPersistenceAcrossLogoutAndLogin" time="7.316"/>
  <testcase classname="com.swaglabs.test.EndToEndTest" name="tc_endToend_055_resetAppStateClearsCart" time="27.518"/>
</testsuite> <!-- Test1 -->
