<?xml version="1.0" encoding="UTF-8"?>
<testsuite xmlns:xsi="http://www.w3.org/2001/XMLSchema-instance" xsi:noNamespaceSchemaLocation="https://maven.apache.org/surefire/maven-surefire-plugin/xsd/surefire-test-report-3.0.xsd" version="3.0" name="com.swaglabs.test.EndToEndTest" time="70.204" tests="5" errors="0" skipped="0" failures="0">
  <properties>
[...]
</properties>
  <testcase name="tc_060_purchaseSingleProduct[standard_user, secret_sauce](1)" classname="com.swaglabs.test.EndToEndTest" time="5.086">
    <system-out><![CDATA[===========Test Suite Started========Surefire test
file path is:C:\Users\NIKHIL SAI KUMAR\Downloads\Swag-Labs-Project\Swag-Labs-Project\src\test\resources\Testdata\login.xlsx
2025-09-07T12:45:39.935025400Z main ERROR Log4j API could not find a logging provider.
rows:1
Before method
]]></system-out>
    <system-err><![CDATA[SLF4J(W): No SLF4J providers were found.
SLF4J(W): Defaulting to no-operation (NOP) logger implementation
SLF4J(W): See https://www.slf4j.org/codes.html#noProviders for further details.
Sep 07, 2025 6:15:46 PM org.openqa.selenium.devtools.CdpVersionFinder findNearestMatch
WARNING: Unable to find an exact match for CDP version 140, returning the closest version; found: 138; Please update to a Selenium version that supports CDP version 140
]]></system-err>
  </testcase>
  <testcase name="tc_061_purchaseMultipleProducts[standard_user, secret_sauce](1)" classname="com.swaglabs.test.EndToEndTest" time="5.489">
    <system-out><![CDATA[After method
file path is:C:\Users\NIKHIL SAI KUMAR\Downloads\Swag-Labs-Project\Swag-Labs-Project\src\test\resources\Testdata\login.xlsx
rows:1
Before method
]]></system-out>
    <system-err><![CDATA[Sep 07, 2025 6:15:53 PM org.openqa.selenium.devtools.CdpVersionFinder findNearestMatch
WARNING: Unable to find an exact match for CDP version 140, returning the closest version; found: 138; Please update to a Selenium version that supports CDP version 140
]]></system-err>
  </testcase>
  <testcase name="tc_sortAndCheckoutWithPriceValidation[standard_user, secret_sauce](1)" classname="com.swaglabs.test.EndToEndTest" time="6.118">
    <system-out><![CDATA[After method
file path is:C:\Users\NIKHIL SAI KUMAR\Downloads\Swag-Labs-Project\Swag-Labs-Project\src\test\resources\Testdata\login.xlsx
rows:1
Before method
]]></system-out>
    <system-err><![CDATA[Sep 07, 2025 6:16:01 PM org.openqa.selenium.devtools.CdpVersionFinder findNearestMatch
WARNING: Unable to find an exact match for CDP version 140, returning the closest version; found: 138; Please update to a Selenium version that supports CDP version 140
]]></system-err>
  </testcase>
  <testcase name="tc_endToend_054_cartPersistenceAcrossLogoutAndLogin[standard_user, secret_sauce](1)" classname="com.swaglabs.test.EndToEndTest" time="7.306">
    <system-out><![CDATA[After method
file path is:C:\Users\NIKHIL SAI KUMAR\Downloads\Swag-Labs-Project\Swag-Labs-Project\src\test\resources\Testdata\login.xlsx
rows:1
Before method
]]></system-out>
    <system-err><![CDATA[Sep 07, 2025 6:16:10 PM org.openqa.selenium.devtools.CdpVersionFinder findNearestMatch
WARNING: Unable to find an exact match for CDP version 140, returning the closest version; found: 138; Please update to a Selenium version that supports CDP version 140
]]></system-err>
  </testcase>
  <testcase name="tc_endToend_055_resetAppStateClearsCart[standard_user, secret_sauce](1)" classname="com.swaglabs.test.EndToEndTest" time="27.243">
    <system-out><![CDATA[After method
file path is:C:\Users\NIKHIL SAI KUMAR\Downloads\Swag-Labs-Project\Swag-Labs-Project\src\test\resources\Testdata\login.xlsx
rows:1
Before method
]]></system-out>
    <system-err><![CDATA[Sep 07, 2025 6:16:19 PM org.openqa.selenium.devtools.CdpVersionFinder findNearestMatch
WARNING: Unable to find an exact match for CDP version 140, returning the closest version; found: 138; Please update to a Selenium version that supports CDP version 140
]]></system-err>
  </testcase>
</testsuite>