<?xml version="1.0" encoding="UTF-8"?>
<testng-results ignored="0" total="5" passed="5" failed="0" skipped="0">
  <reporter-output>
  </reporter-output>
  <suite started-at="2025-09-07T18:15:39 IST" name="Surefire suite" finished-at="2025-09-07T18:16:47 IST" duration-ms="67871">
    <groups>
    </groups>
    <test started-at="2025-09-07T18:15:39 IST" name="Surefire test" finished-at="2025-09-07T18:16:47 IST" duration-ms="67871">
      <class name="com.swaglabs.test.EndToEndTest">
        <test-method is-config="true" signature="setupreport()[pri:0, instance:com.swaglabs.test.EndToEndTest@20ce78ec]" started-at="2025-09-07T18:15:39 IST" name="setupreport" finished-at="2025-09-07T18:15:39 IST" duration-ms="456" status="PASS">
          <reporter-output>
          </reporter-output>
        </test-method> <!-- setupreport -->
        <test-method is-config="true" signature="setup()[pri:0, instance:com.swaglabs.test.EndToEndTest@20ce78ec]" started-at="2025-09-07T18:15:41 IST" name="setup" finished-at="2025-09-07T18:15:46 IST" duration-ms="5012" status="PASS">
          <reporter-output>
          </reporter-output>
        </test-method> <!-- setup -->
        <test-method is-config="true" signature="init()[pri:0, instance:com.swaglabs.test.EndToEndTest@20ce78ec]" started-at="2025-09-07T18:15:46 IST" name="init" finished-at="2025-09-07T18:15:46 IST" duration-ms="17" status="PASS">
          <reporter-output>
          </reporter-output>
        </test-method> <!-- init -->
        <test-method signature="tc_060_purchaseSingleProduct(java.lang.String,java.lang.String)[pri:1, instance:com.swaglabs.test.EndToEndTest@20ce78ec]" started-at="2025-09-07T18:15:46 IST" name="tc_060_purchaseSingleProduct" data-provider="logindata" finished-at="2025-09-07T18:15:51 IST" duration-ms="5103" status="PASS">
          <params>
            <param index="0">
              <value>
                <![CDATA[standard_user]]>
              </value>
            </param>
            <param index="1">
              <value>
                <![CDATA[secret_sauce]]>
              </value>
            </param>
          </params>
          <reporter-output>
          </reporter-output>
        </test-method> <!-- tc_060_purchaseSingleProduct -->
        <test-method is-config="true" signature="teardown()[pri:0, instance:com.swaglabs.test.EndToEndTest@20ce78ec]" started-at="2025-09-07T18:15:51 IST" name="teardown" finished-at="2025-09-07T18:15:52 IST" duration-ms="326" status="PASS">
          <reporter-output>
          </reporter-output>
        </test-method> <!-- teardown -->
        <test-method is-config="true" signature="setup()[pri:0, instance:com.swaglabs.test.EndToEndTest@20ce78ec]" started-at="2025-09-07T18:15:52 IST" name="setup" finished-at="2025-09-07T18:15:54 IST" duration-ms="2116" status="PASS">
          <reporter-output>
          </reporter-output>
        </test-method> <!-- setup -->
        <test-method is-config="true" signature="init()[pri:0, instance:com.swaglabs.test.EndToEndTest@20ce78ec]" started-at="2025-09-07T18:15:54 IST" name="init" finished-at="2025-09-07T18:15:54 IST" duration-ms="1" status="PASS">
          <reporter-output>
          </reporter-output>
        </test-method> <!-- init -->
        <test-method signature="tc_061_purchaseMultipleProducts(java.lang.String,java.lang.String)[pri:2, instance:com.swaglabs.test.EndToEndTest@20ce78ec]" started-at="2025-09-07T18:15:54 IST" name="tc_061_purchaseMultipleProducts" data-provider="logindata" finished-at="2025-09-07T18:15:59 IST" duration-ms="5491" status="PASS">
          <params>
            <param index="0">
              <value>
                <![CDATA[standard_user]]>
              </value>
            </param>
            <param index="1">
              <value>
                <![CDATA[secret_sauce]]>
              </value>
            </param>
          </params>
          <reporter-output>
          </reporter-output>
        </test-method> <!-- tc_061_purchaseMultipleProducts -->
        <test-method is-config="true" signature="teardown()[pri:0, instance:com.swaglabs.test.EndToEndTest@20ce78ec]" started-at="2025-09-07T18:15:59 IST" name="teardown" finished-at="2025-09-07T18:16:00 IST" duration-ms="422" status="PASS">
          <reporter-output>
          </reporter-output>
        </test-method> <!-- teardown -->
        <test-method is-config="true" signature="setup()[pri:0, instance:com.swaglabs.test.EndToEndTest@20ce78ec]" started-at="2025-09-07T18:16:00 IST" name="setup" finished-at="2025-09-07T18:16:02 IST" duration-ms="2171" status="PASS">
          <reporter-output>
          </reporter-output>
        </test-method> <!-- setup -->
        <test-method is-config="true" signature="init()[pri:0, instance:com.swaglabs.test.EndToEndTest@20ce78ec]" started-at="2025-09-07T18:16:02 IST" name="init" finished-at="2025-09-07T18:16:02 IST" duration-ms="2" status="PASS">
          <reporter-output>
          </reporter-output>
        </test-method> <!-- init -->
        <test-method signature="tc_sortAndCheckoutWithPriceValidation(java.lang.String,java.lang.String)[pri:3, instance:com.swaglabs.test.EndToEndTest@20ce78ec]" started-at="2025-09-07T18:16:02 IST" name="tc_sortAndCheckoutWithPriceValidation" data-provider="logindata" finished-at="2025-09-07T18:16:08 IST" duration-ms="6118" status="PASS">
          <params>
            <param index="0">
              <value>
                <![CDATA[standard_user]]>
              </value>
            </param>
            <param index="1">
              <value>
                <![CDATA[secret_sauce]]>
              </value>
            </param>
          </params>
          <reporter-output>
          </reporter-output>
        </test-method> <!-- tc_sortAndCheckoutWithPriceValidation -->
        <test-method is-config="true" signature="teardown()[pri:0, instance:com.swaglabs.test.EndToEndTest@20ce78ec]" started-at="2025-09-07T18:16:08 IST" name="teardown" finished-at="2025-09-07T18:16:09 IST" duration-ms="311" status="PASS">
          <reporter-output>
          </reporter-output>
        </test-method> <!-- teardown -->
        <test-method is-config="true" signature="setup()[pri:0, instance:com.swaglabs.test.EndToEndTest@20ce78ec]" started-at="2025-09-07T18:16:09 IST" name="setup" finished-at="2025-09-07T18:16:11 IST" duration-ms="2141" status="PASS">
          <reporter-output>
          </reporter-output>
        </test-method> <!-- setup -->
        <test-method is-config="true" signature="init()[pri:0, instance:com.swaglabs.test.EndToEndTest@20ce78ec]" started-at="2025-09-07T18:16:11 IST" name="init" finished-at="2025-09-07T18:16:11 IST" duration-ms="2" status="PASS">
          <reporter-output>
          </reporter-output>
        </test-method> <!-- init -->
        <test-method signature="tc_endToend_054_cartPersistenceAcrossLogoutAndLogin(java.lang.String,java.lang.String)[pri:4, instance:com.swaglabs.test.EndToEndTest@20ce78ec]" started-at="2025-09-07T18:16:11 IST" name="tc_endToend_054_cartPersistenceAcrossLogoutAndLogin" data-provider="logindata" finished-at="2025-09-07T18:16:18 IST" duration-ms="7306" status="PASS">
          <params>
            <param index="0">
              <value>
                <![CDATA[standard_user]]>
              </value>
            </param>
            <param index="1">
              <value>
                <![CDATA[secret_sauce]]>
              </value>
            </param>
          </params>
          <reporter-output>
          </reporter-output>
        </test-method> <!-- tc_endToend_054_cartPersistenceAcrossLogoutAndLogin -->
        <test-method is-config="true" signature="teardown()[pri:0, instance:com.swaglabs.test.EndToEndTest@20ce78ec]" started-at="2025-09-07T18:16:18 IST" name="teardown" finished-at="2025-09-07T18:16:18 IST" duration-ms="176" status="PASS">
          <reporter-output>
          </reporter-output>
        </test-method> <!-- teardown -->
        <test-method is-config="true" signature="setup()[pri:0, instance:com.swaglabs.test.EndToEndTest@20ce78ec]" started-at="2025-09-07T18:16:18 IST" name="setup" finished-at="2025-09-07T18:16:19 IST" duration-ms="1171" status="PASS">
          <reporter-output>
          </reporter-output>
        </test-method> <!-- setup -->
        <test-method is-config="true" signature="init()[pri:0, instance:com.swaglabs.test.EndToEndTest@20ce78ec]" started-at="2025-09-07T18:16:19 IST" name="init" finished-at="2025-09-07T18:16:19 IST" duration-ms="1" status="PASS">
          <reporter-output>
          </reporter-output>
        </test-method> <!-- init -->
        <test-method signature="tc_endToend_055_resetAppStateClearsCart(java.lang.String,java.lang.String)[pri:5, instance:com.swaglabs.test.EndToEndTest@20ce78ec]" started-at="2025-09-07T18:16:19 IST" name="tc_endToend_055_resetAppStateClearsCart" data-provider="logindata" finished-at="2025-09-07T18:16:47 IST" duration-ms="27243" status="PASS">
          <params>
            <param index="0">
              <value>
                <![CDATA[standard_user]]>
              </value>
            </param>
            <param index="1">
              <value>
                <![CDATA[secret_sauce]]>
              </value>
            </param>
          </params>
          <reporter-output>
          </reporter-output>
        </test-method> <!-- tc_endToend_055_resetAppStateClearsCart -->
        <test-method is-config="true" signature="teardown()[pri:0, instance:com.swaglabs.test.EndToEndTest@20ce78ec]" started-at="2025-09-07T18:16:47 IST" name="teardown" finished-at="2025-09-07T18:16:47 IST" duration-ms="377" status="PASS">
          <reporter-output>
          </reporter-output>
        </test-method> <!-- teardown -->
        <test-method is-config="true" signature="flushreport()[pri:0, instance:com.swaglabs.test.EndToEndTest@20ce78ec]" started-at="2025-09-07T18:16:48 IST" name="flushreport" finished-at="2025-09-07T18:16:48 IST" duration-ms="38" status="PASS">
          <reporter-output>
          </reporter-output>
        </test-method> <!-- flushreport -->
      </class> <!-- com.swaglabs.test.EndToEndTest -->
    </test> <!-- Surefire test -->
  </suite> <!-- Surefire suite -->
</testng-results>
