<?xml version="1.0" encoding="UTF-8"?>
<testng-results ignored="0" total="5" passed="5" failed="0" skipped="0">
  <reporter-output>
  </reporter-output>
  <suite started-at="2025-09-07T22:08:55 IST" name="Suite" finished-at="2025-09-07T22:10:08 IST" duration-ms="73535">
    <groups>
    </groups>
    <test started-at="2025-09-07T22:08:55 IST" name="Test1" finished-at="2025-09-07T22:10:08 IST" duration-ms="73535">
      <class name="com.swaglabs.test.EndToEndTest">
        <test-method is-config="true" signature="setupreport()[pri:0, instance:com.swaglabs.test.EndToEndTest@55b0dcab]" started-at="2025-09-07T22:08:54 IST" name="setupreport" finished-at="2025-09-07T22:08:55 IST" duration-ms="797" status="PASS">
          <reporter-output>
          </reporter-output>
        </test-method> <!-- setupreport -->
        <test-method is-config="true" signature="setup()[pri:0, instance:com.swaglabs.test.EndToEndTest@55b0dcab]" started-at="2025-09-07T22:08:56 IST" name="setup" finished-at="2025-09-07T22:09:02 IST" duration-ms="5540" status="PASS">
          <reporter-output>
          </reporter-output>
        </test-method> <!-- setup -->
        <test-method is-config="true" signature="init()[pri:0, instance:com.swaglabs.test.EndToEndTest@55b0dcab]" started-at="2025-09-07T22:09:02 IST" name="init" finished-at="2025-09-07T22:09:02 IST" duration-ms="30" status="PASS">
          <reporter-output>
          </reporter-output>
        </test-method> <!-- init -->
        <test-method signature="tc_060_purchaseSingleProduct(java.lang.String,java.lang.String)[pri:1, instance:com.swaglabs.test.EndToEndTest@55b0dcab]" started-at="2025-09-07T22:09:02 IST" name="tc_060_purchaseSingleProduct" data-provider="logindata" finished-at="2025-09-07T22:09:08 IST" duration-ms="6173" status="PASS">
          <params>
            <param index="0">
              <value>
                <![CDATA[standard_user]]>
              </value>
            </param>
            <param index="1">
              <value>
                <![CDATA[secret_sauce]]>
              </value>
            </param>
          </params>
          <reporter-output>
          </reporter-output>
        </test-method> <!-- tc_060_purchaseSingleProduct -->
        <test-method is-config="true" signature="teardown()[pri:0, instance:com.swaglabs.test.EndToEndTest@55b0dcab]" started-at="2025-09-07T22:09:08 IST" name="teardown" finished-at="2025-09-07T22:09:09 IST" duration-ms="770" status="PASS">
          <reporter-output>
          </reporter-output>
        </test-method> <!-- teardown -->
        <test-method is-config="true" signature="setup()[pri:0, instance:com.swaglabs.test.EndToEndTest@55b0dcab]" started-at="2025-09-07T22:09:09 IST" name="setup" finished-at="2025-09-07T22:09:11 IST" duration-ms="2440" status="PASS">
          <reporter-output>
          </reporter-output>
        </test-method> <!-- setup -->
        <test-method is-config="true" signature="init()[pri:0, instance:com.swaglabs.test.EndToEndTest@55b0dcab]" started-at="2025-09-07T22:09:11 IST" name="init" finished-at="2025-09-07T22:09:11 IST" duration-ms="2" status="PASS">
          <reporter-output>
          </reporter-output>
        </test-method> <!-- init -->
        <test-method signature="tc_061_purchaseMultipleProducts(java.lang.String,java.lang.String)[pri:2, instance:com.swaglabs.test.EndToEndTest@55b0dcab]" started-at="2025-09-07T22:09:11 IST" name="tc_061_purchaseMultipleProducts" data-provider="logindata" finished-at="2025-09-07T22:09:18 IST" duration-ms="6549" status="PASS">
          <params>
            <param index="0">
              <value>
                <![CDATA[standard_user]]>
              </value>
            </param>
            <param index="1">
              <value>
                <![CDATA[secret_sauce]]>
              </value>
            </param>
          </params>
          <reporter-output>
          </reporter-output>
        </test-method> <!-- tc_061_purchaseMultipleProducts -->
        <test-method is-config="true" signature="teardown()[pri:0, instance:com.swaglabs.test.EndToEndTest@55b0dcab]" started-at="2025-09-07T22:09:18 IST" name="teardown" finished-at="2025-09-07T22:09:19 IST" duration-ms="879" status="PASS">
          <reporter-output>
          </reporter-output>
        </test-method> <!-- teardown -->
        <test-method is-config="true" signature="setup()[pri:0, instance:com.swaglabs.test.EndToEndTest@55b0dcab]" started-at="2025-09-07T22:09:19 IST" name="setup" finished-at="2025-09-07T22:09:22 IST" duration-ms="2690" status="PASS">
          <reporter-output>
          </reporter-output>
        </test-method> <!-- setup -->
        <test-method is-config="true" signature="init()[pri:0, instance:com.swaglabs.test.EndToEndTest@55b0dcab]" started-at="2025-09-07T22:09:22 IST" name="init" finished-at="2025-09-07T22:09:22 IST" duration-ms="1" status="PASS">
          <reporter-output>
          </reporter-output>
        </test-method> <!-- init -->
        <test-method signature="tc_sortAndCheckoutWithPriceValidation(java.lang.String,java.lang.String)[pri:3, instance:com.swaglabs.test.EndToEndTest@55b0dcab]" started-at="2025-09-07T22:09:22 IST" name="tc_sortAndCheckoutWithPriceValidation" data-provider="logindata" finished-at="2025-09-07T22:09:28 IST" duration-ms="6098" status="PASS">
          <params>
            <param index="0">
              <value>
                <![CDATA[standard_user]]>
              </value>
            </param>
            <param index="1">
              <value>
                <![CDATA[secret_sauce]]>
              </value>
            </param>
          </params>
          <reporter-output>
          </reporter-output>
        </test-method> <!-- tc_sortAndCheckoutWithPriceValidation -->
        <test-method is-config="true" signature="teardown()[pri:0, instance:com.swaglabs.test.EndToEndTest@55b0dcab]" started-at="2025-09-07T22:09:28 IST" name="teardown" finished-at="2025-09-07T22:09:28 IST" duration-ms="387" status="PASS">
          <reporter-output>
          </reporter-output>
        </test-method> <!-- teardown -->
        <test-method is-config="true" signature="setup()[pri:0, instance:com.swaglabs.test.EndToEndTest@55b0dcab]" started-at="2025-09-07T22:09:28 IST" name="setup" finished-at="2025-09-07T22:09:30 IST" duration-ms="2000" status="PASS">
          <reporter-output>
          </reporter-output>
        </test-method> <!-- setup -->
        <test-method is-config="true" signature="init()[pri:0, instance:com.swaglabs.test.EndToEndTest@55b0dcab]" started-at="2025-09-07T22:09:30 IST" name="init" finished-at="2025-09-07T22:09:30 IST" duration-ms="1" status="PASS">
          <reporter-output>
          </reporter-output>
        </test-method> <!-- init -->
        <test-method signature="tc_endToend_054_cartPersistenceAcrossLogoutAndLogin(java.lang.String,java.lang.String)[pri:4, instance:com.swaglabs.test.EndToEndTest@55b0dcab]" started-at="2025-09-07T22:09:30 IST" name="tc_endToend_054_cartPersistenceAcrossLogoutAndLogin" data-provider="logindata" finished-at="2025-09-07T22:09:38 IST" duration-ms="7316" status="PASS">
          <params>
            <param index="0">
              <value>
                <![CDATA[standard_user]]>
              </value>
            </param>
            <param index="1">
              <value>
                <![CDATA[secret_sauce]]>
              </value>
            </param>
          </params>
          <reporter-output>
          </reporter-output>
        </test-method> <!-- tc_endToend_054_cartPersistenceAcrossLogoutAndLogin -->
        <test-method is-config="true" signature="teardown()[pri:0, instance:com.swaglabs.test.EndToEndTest@55b0dcab]" started-at="2025-09-07T22:09:38 IST" name="teardown" finished-at="2025-09-07T22:09:38 IST" duration-ms="223" status="PASS">
          <reporter-output>
          </reporter-output>
        </test-method> <!-- teardown -->
        <test-method is-config="true" signature="setup()[pri:0, instance:com.swaglabs.test.EndToEndTest@55b0dcab]" started-at="2025-09-07T22:09:38 IST" name="setup" finished-at="2025-09-07T22:09:40 IST" duration-ms="2011" status="PASS">
          <reporter-output>
          </reporter-output>
        </test-method> <!-- setup -->
        <test-method is-config="true" signature="init()[pri:0, instance:com.swaglabs.test.EndToEndTest@55b0dcab]" started-at="2025-09-07T22:09:40 IST" name="init" finished-at="2025-09-07T22:09:40 IST" duration-ms="1" status="PASS">
          <reporter-output>
          </reporter-output>
        </test-method> <!-- init -->
        <test-method signature="tc_endToend_055_resetAppStateClearsCart(java.lang.String,java.lang.String)[pri:5, instance:com.swaglabs.test.EndToEndTest@55b0dcab]" started-at="2025-09-07T22:09:40 IST" name="tc_endToend_055_resetAppStateClearsCart" data-provider="logindata" finished-at="2025-09-07T22:10:07 IST" duration-ms="27518" status="PASS">
          <params>
            <param index="0">
              <value>
                <![CDATA[standard_user]]>
              </value>
            </param>
            <param index="1">
              <value>
                <![CDATA[secret_sauce]]>
              </value>
            </param>
          </params>
          <reporter-output>
          </reporter-output>
        </test-method> <!-- tc_endToend_055_resetAppStateClearsCart -->
        <test-method is-config="true" signature="teardown()[pri:0, instance:com.swaglabs.test.EndToEndTest@55b0dcab]" started-at="2025-09-07T22:10:07 IST" name="teardown" finished-at="2025-09-07T22:10:08 IST" duration-ms="883" status="PASS">
          <reporter-output>
          </reporter-output>
        </test-method> <!-- teardown -->
        <test-method is-config="true" signature="flushreport()[pri:0, instance:com.swaglabs.test.EndToEndTest@55b0dcab]" started-at="2025-09-07T22:10:09 IST" name="flushreport" finished-at="2025-09-07T22:10:09 IST" duration-ms="60" status="PASS">
          <reporter-output>
          </reporter-output>
        </test-method> <!-- flushreport -->
      </class> <!-- com.swaglabs.test.EndToEndTest -->
    </test> <!-- Test1 -->
  </suite> <!-- Suite -->
</testng-results>
